<?xml version="1.0" encoding="UTF-8"?>
<testsuite xmlns:xsi="http://www.w3.org/2001/XMLSchema-instance" xsi:noNamespaceSchemaLocation="https://maven.apache.org/surefire/maven-surefire-plugin/xsd/surefire-test-report.xsd" name="com.konstantinkochetov.beer.order.service.BeerOrderServiceApplicationTests" time="10.657" tests="1" errors="1" skipped="0" failures="0">
  <properties>
    <property name="gopherProxySet" value="false"/>
    <property name="awt.toolkit" value="sun.lwawt.macosx.LWCToolkit"/>
    <property name="java.specification.version" value="11"/>
    <property name="sun.cpu.isalist" value=""/>
    <property name="sun.jnu.encoding" value="UTF-8"/>
    <property name="java.class.path" value="/Users/konstantin/Other/UdemyCoursera/MicroservicesJavaSpringGuru/mssc-brewery-workspace/mssc-beer-order-service/target/test-classes:/Users/konstantin/Other/UdemyCoursera/MicroservicesJavaSpringGuru/mssc-brewery-workspace/mssc-beer-order-service/target/classes:/Users/konstantin/.m2/repository/org/apache/activemq/artemis-jms-server/2.10.1/artemis-jms-server-2.10.1.jar:/Users/konstantin/.m2/repository/org/jboss/logging/jboss-logging/3.4.1.Final/jboss-logging-3.4.1.Final.jar:/Users/konstantin/.m2/repository/org/apache/activemq/artemis-core-client/2.10.1/artemis-core-client-2.10.1.jar:/Users/konstantin/.m2/repository/org/jgroups/jgroups/3.6.13.Final/jgroups-3.6.13.Final.jar:/Users/konstantin/.m2/repository/org/apache/johnzon/johnzon-core/1.2.1/johnzon-core-1.2.1.jar:/Users/konstantin/.m2/repository/io/netty/netty-transport-native-epoll/4.1.43.Final/netty-transport-native-epoll-4.1.43.Final-linux-x86_64.jar:/Users/konstantin/.m2/repository/io/netty/netty-transport-native-unix-common/4.1.43.Final/netty-transport-native-unix-common-4.1.43.Final.jar:/Users/konstantin/.m2/repository/io/netty/netty-transport-native-kqueue/4.1.43.Final/netty-transport-native-kqueue-4.1.43.Final-osx-x86_64.jar:/Users/konstantin/.m2/repository/io/netty/netty-codec-http/4.1.43.Final/netty-codec-http-4.1.43.Final.jar:/Users/konstantin/.m2/repository/io/netty/netty-buffer/4.1.43.Final/netty-buffer-4.1.43.Final.jar:/Users/konstantin/.m2/repository/io/netty/netty-transport/4.1.43.Final/netty-transport-4.1.43.Final.jar:/Users/konstantin/.m2/repository/io/netty/netty-resolver/4.1.43.Final/netty-resolver-4.1.43.Final.jar:/Users/konstantin/.m2/repository/io/netty/netty-handler/4.1.43.Final/netty-handler-4.1.43.Final.jar:/Users/konstantin/.m2/repository/io/netty/netty-codec/4.1.43.Final/netty-codec-4.1.43.Final.jar:/Users/konstantin/.m2/repository/io/netty/netty-common/4.1.43.Final/netty-common-4.1.43.Final.jar:/Users/konstantin/.m2/repository/org/apache/activemq/artemis-jms-client/2.10.1/artemis-jms-client-2.10.1.jar:/Users/konstantin/.m2/repository/org/apache/activemq/artemis-selector/2.10.1/artemis-selector-2.10.1.jar:/Users/konstantin/.m2/repository/org/apache/activemq/artemis-server/2.10.1/artemis-server-2.10.1.jar:/Users/konstantin/.m2/repository/org/jboss/logmanager/jboss-logmanager/2.1.10.Final/jboss-logmanager-2.1.10.Final.jar:/Users/konstantin/.m2/repository/org/wildfly/common/wildfly-common/1.5.1.Final/wildfly-common-1.5.1.Final.jar:/Users/konstantin/.m2/repository/org/apache/activemq/artemis-jdbc-store/2.10.1/artemis-jdbc-store-2.10.1.jar:/Users/konstantin/.m2/repository/org/apache/activemq/activemq-artemis-native/1.0.0/activemq-artemis-native-1.0.0.jar:/Users/konstantin/.m2/repository/org/jctools/jctools-core/2.1.2/jctools-core-2.1.2.jar:/Users/konstantin/.m2/repository/commons-beanutils/commons-beanutils/1.9.4/commons-beanutils-1.9.4.jar:/Users/konstantin/.m2/repository/commons-collections/commons-collections/3.2.2/commons-collections-3.2.2.jar:/Users/konstantin/.m2/repository/org/apache/commons/commons-configuration2/2.4/commons-configuration2-2.4.jar:/Users/konstantin/.m2/repository/org/apache/commons/commons-text/1.6/commons-text-1.6.jar:/Users/konstantin/.m2/repository/commons-io/commons-io/2.6/commons-io-2.6.jar:/Users/konstantin/.m2/repository/org/apache/activemq/artemis-journal/2.10.1/artemis-journal-2.10.1.jar:/Users/konstantin/.m2/repository/org/apache/activemq/artemis-commons/2.10.1/artemis-commons-2.10.1.jar:/Users/konstantin/.m2/repository/org/apache/activemq/artemis-service-extensions/2.10.1/artemis-service-extensions-2.10.1.jar:/Users/konstantin/.m2/repository/org/apache/geronimo/specs/geronimo-jms_2.0_spec/1.0-alpha-2/geronimo-jms_2.0_spec-1.0-alpha-2.jar:/Users/konstantin/.m2/repository/org/apache/geronimo/specs/geronimo-jta_1.1_spec/1.1.1/geronimo-jta_1.1_spec-1.1.1.jar:/Users/konstantin/.m2/repository/com/github/JensPiegsa/wiremock-extension/0.4.0/wiremock-extension-0.4.0.jar:/Users/konstantin/.m2/repository/com/github/tomakehurst/wiremock/2.19.0/wiremock-2.19.0.jar:/Users/konstantin/.m2/repository/org/eclipse/jetty/jetty-server/9.4.22.v20191022/jetty-server-9.4.22.v20191022.jar:/Users/konstantin/.m2/repository/javax/servlet/javax.servlet-api/4.0.1/javax.servlet-api-4.0.1.jar:/Users/konstantin/.m2/repository/org/eclipse/jetty/jetty-http/9.4.22.v20191022/jetty-http-9.4.22.v20191022.jar:/Users/konstantin/.m2/repository/org/eclipse/jetty/jetty-io/9.4.22.v20191022/jetty-io-9.4.22.v20191022.jar:/Users/konstantin/.m2/repository/org/eclipse/jetty/jetty-servlet/9.4.22.v20191022/jetty-servlet-9.4.22.v20191022.jar:/Users/konstantin/.m2/repository/org/eclipse/jetty/jetty-security/9.4.22.v20191022/jetty-security-9.4.22.v20191022.jar:/Users/konstantin/.m2/repository/org/eclipse/jetty/jetty-servlets/9.4.22.v20191022/jetty-servlets-9.4.22.v20191022.jar:/Users/konstantin/.m2/repository/org/eclipse/jetty/jetty-continuation/9.4.22.v20191022/jetty-continuation-9.4.22.v20191022.jar:/Users/konstantin/.m2/repository/org/eclipse/jetty/jetty-util/9.4.22.v20191022/jetty-util-9.4.22.v20191022.jar:/Users/konstantin/.m2/repository/org/eclipse/jetty/jetty-webapp/9.4.22.v20191022/jetty-webapp-9.4.22.v20191022.jar:/Users/konstantin/.m2/repository/org/eclipse/jetty/jetty-xml/9.4.22.v20191022/jetty-xml-9.4.22.v20191022.jar:/Users/konstantin/.m2/repository/com/fasterxml/jackson/core/jackson-core/2.10.0/jackson-core-2.10.0.jar:/Users/konstantin/.m2/repository/com/fasterxml/jackson/core/jackson-annotations/2.10.0/jackson-annotations-2.10.0.jar:/Users/konstantin/.m2/repository/com/fasterxml/jackson/core/jackson-databind/2.10.0/jackson-databind-2.10.0.jar:/Users/konstantin/.m2/repository/org/apache/httpcomponents/httpclient/4.5.10/httpclient-4.5.10.jar:/Users/konstantin/.m2/repository/org/apache/httpcomponents/httpcore/4.4.12/httpcore-4.4.12.jar:/Users/konstantin/.m2/repository/commons-codec/commons-codec/1.13/commons-codec-1.13.jar:/Users/konstantin/.m2/repository/org/xmlunit/xmlunit-legacy/2.6.3/xmlunit-legacy-2.6.3.jar:/Users/konstantin/.m2/repository/net/sf/jopt-simple/jopt-simple/5.0.3/jopt-simple-5.0.3.jar:/Users/konstantin/.m2/repository/org/apache/commons/commons-lang3/3.9/commons-lang3-3.9.jar:/Users/konstantin/.m2/repository/com/flipkart/zjsonpatch/zjsonpatch/0.4.4/zjsonpatch-0.4.4.jar:/Users/konstantin/.m2/repository/com/github/jknack/handlebars/4.0.7/handlebars-4.0.7.jar:/Users/konstantin/.m2/repository/com/github/jknack/handlebars-helpers/4.0.7/handlebars-helpers-4.0.7.jar:/Users/konstantin/.m2/repository/org/awaitility/awaitility/4.0.1/awaitility-4.0.1.jar:/Users/konstantin/.m2/repository/org/hamcrest/hamcrest/2.1/hamcrest-2.1.jar:/Users/konstantin/.m2/repository/org/springframework/boot/spring-boot-starter-web/2.2.1.RELEASE/spring-boot-starter-web-2.2.1.RELEASE.jar:/Users/konstantin/.m2/repository/org/springframework/boot/spring-boot-starter-json/2.2.1.RELEASE/spring-boot-starter-json-2.2.1.RELEASE.jar:/Users/konstantin/.m2/repository/com/fasterxml/jackson/datatype/jackson-datatype-jsr310/2.10.0/jackson-datatype-jsr310-2.10.0.jar:/Users/konstantin/.m2/repository/com/fasterxml/jackson/module/jackson-module-parameter-names/2.10.0/jackson-module-parameter-names-2.10.0.jar:/Users/konstantin/.m2/repository/org/springframework/boot/spring-boot-starter-tomcat/2.2.1.RELEASE/spring-boot-starter-tomcat-2.2.1.RELEASE.jar:/Users/konstantin/.m2/repository/org/apache/tomcat/embed/tomcat-embed-core/9.0.27/tomcat-embed-core-9.0.27.jar:/Users/konstantin/.m2/repository/org/apache/tomcat/embed/tomcat-embed-el/9.0.27/tomcat-embed-el-9.0.27.jar:/Users/konstantin/.m2/repository/org/apache/tomcat/embed/tomcat-embed-websocket/9.0.27/tomcat-embed-websocket-9.0.27.jar:/Users/konstantin/.m2/repository/org/springframework/boot/spring-boot-starter-validation/2.2.1.RELEASE/spring-boot-starter-validation-2.2.1.RELEASE.jar:/Users/konstantin/.m2/repository/jakarta/validation/jakarta.validation-api/2.0.1/jakarta.validation-api-2.0.1.jar:/Users/konstantin/.m2/repository/org/hibernate/validator/hibernate-validator/6.0.18.Final/hibernate-validator-6.0.18.Final.jar:/Users/konstantin/.m2/repository/org/springframework/spring-web/5.2.1.RELEASE/spring-web-5.2.1.RELEASE.jar:/Users/konstantin/.m2/repository/org/springframework/spring-beans/5.2.1.RELEASE/spring-beans-5.2.1.RELEASE.jar:/Users/konstantin/.m2/repository/org/springframework/spring-webmvc/5.2.1.RELEASE/spring-webmvc-5.2.1.RELEASE.jar:/Users/konstantin/.m2/repository/org/springframework/spring-aop/5.2.1.RELEASE/spring-aop-5.2.1.RELEASE.jar:/Users/konstantin/.m2/repository/org/springframework/spring-context/5.2.1.RELEASE/spring-context-5.2.1.RELEASE.jar:/Users/konstantin/.m2/repository/org/springframework/spring-expression/5.2.1.RELEASE/spring-expression-5.2.1.RELEASE.jar:/Users/konstantin/.m2/repository/org/springframework/boot/spring-boot-starter-data-jpa/2.2.1.RELEASE/spring-boot-starter-data-jpa-2.2.1.RELEASE.jar:/Users/konstantin/.m2/repository/org/springframework/boot/spring-boot-starter-aop/2.2.1.RELEASE/spring-boot-starter-aop-2.2.1.RELEASE.jar:/Users/konstantin/.m2/repository/org/aspectj/aspectjweaver/1.9.4/aspectjweaver-1.9.4.jar:/Users/konstantin/.m2/repository/org/springframework/boot/spring-boot-starter-jdbc/2.2.1.RELEASE/spring-boot-starter-jdbc-2.2.1.RELEASE.jar:/Users/konstantin/.m2/repository/com/zaxxer/HikariCP/3.4.1/HikariCP-3.4.1.jar:/Users/konstantin/.m2/repository/org/springframework/spring-jdbc/5.2.1.RELEASE/spring-jdbc-5.2.1.RELEASE.jar:/Users/konstantin/.m2/repository/jakarta/activation/jakarta.activation-api/1.2.1/jakarta.activation-api-1.2.1.jar:/Users/konstantin/.m2/repository/jakarta/persistence/jakarta.persistence-api/2.2.3/jakarta.persistence-api-2.2.3.jar:/Users/konstantin/.m2/repository/jakarta/transaction/jakarta.transaction-api/1.3.3/jakarta.transaction-api-1.3.3.jar:/Users/konstantin/.m2/repository/org/hibernate/hibernate-core/5.4.8.Final/hibernate-core-5.4.8.Final.jar:/Users/konstantin/.m2/repository/org/javassist/javassist/3.24.0-GA/javassist-3.24.0-GA.jar:/Users/konstantin/.m2/repository/net/bytebuddy/byte-buddy/1.10.2/byte-buddy-1.10.2.jar:/Users/konstantin/.m2/repository/antlr/antlr/2.7.7/antlr-2.7.7.jar:/Users/konstantin/.m2/repository/org/jboss/jandex/2.0.5.Final/jandex-2.0.5.Final.jar:/Users/konstantin/.m2/repository/com/fasterxml/classmate/1.5.1/classmate-1.5.1.jar:/Users/konstantin/.m2/repository/org/dom4j/dom4j/2.1.1/dom4j-2.1.1.jar:/Users/konstantin/.m2/repository/org/hibernate/common/hibernate-commons-annotations/5.1.0.Final/hibernate-commons-annotations-5.1.0.Final.jar:/Users/konstantin/.m2/repository/org/glassfish/jaxb/jaxb-runtime/2.3.2/jaxb-runtime-2.3.2.jar:/Users/konstantin/.m2/repository/org/glassfish/jaxb/txw2/2.3.2/txw2-2.3.2.jar:/Users/konstantin/.m2/repository/com/sun/istack/istack-commons-runtime/3.0.8/istack-commons-runtime-3.0.8.jar:/Users/konstantin/.m2/repository/org/jvnet/staxex/stax-ex/1.8.1/stax-ex-1.8.1.jar:/Users/konstantin/.m2/repository/com/sun/xml/fastinfoset/FastInfoset/1.2.16/FastInfoset-1.2.16.jar:/Users/konstantin/.m2/repository/org/springframework/data/spring-data-jpa/2.2.1.RELEASE/spring-data-jpa-2.2.1.RELEASE.jar:/Users/konstantin/.m2/repository/org/springframework/data/spring-data-commons/2.2.1.RELEASE/spring-data-commons-2.2.1.RELEASE.jar:/Users/konstantin/.m2/repository/org/springframework/spring-orm/5.2.1.RELEASE/spring-orm-5.2.1.RELEASE.jar:/Users/konstantin/.m2/repository/org/springframework/spring-aspects/5.2.1.RELEASE/spring-aspects-5.2.1.RELEASE.jar:/Users/konstantin/.m2/repository/org/springframework/boot/spring-boot-starter-artemis/2.2.1.RELEASE/spring-boot-starter-artemis-2.2.1.RELEASE.jar:/Users/konstantin/.m2/repository/org/springframework/spring-jms/5.2.1.RELEASE/spring-jms-5.2.1.RELEASE.jar:/Users/konstantin/.m2/repository/jakarta/jms/jakarta.jms-api/2.0.3/jakarta.jms-api-2.0.3.jar:/Users/konstantin/.m2/repository/jakarta/json/jakarta.json-api/1.1.6/jakarta.json-api-1.1.6.jar:/Users/konstantin/.m2/repository/com/h2database/h2/1.4.200/h2-1.4.200.jar:/Users/konstantin/.m2/repository/mysql/mysql-connector-java/8.0.18/mysql-connector-java-8.0.18.jar:/Users/konstantin/.m2/repository/javax/xml/bind/jaxb-api/2.3.0/jaxb-api-2.3.0.jar:/Users/konstantin/.m2/repository/com/sun/xml/bind/jaxb-core/2.3.0/jaxb-core-2.3.0.jar:/Users/konstantin/.m2/repository/com/sun/xml/bind/jaxb-impl/2.3.0/jaxb-impl-2.3.0.jar:/Users/konstantin/.m2/repository/org/springframework/boot/spring-boot-starter/2.2.1.RELEASE/spring-boot-starter-2.2.1.RELEASE.jar:/Users/konstantin/.m2/repository/org/springframework/boot/spring-boot/2.2.1.RELEASE/spring-boot-2.2.1.RELEASE.jar:/Users/konstantin/.m2/repository/org/springframework/boot/spring-boot-autoconfigure/2.2.1.RELEASE/spring-boot-autoconfigure-2.2.1.RELEASE.jar:/Users/konstantin/.m2/repository/org/springframework/boot/spring-boot-starter-logging/2.2.1.RELEASE/spring-boot-starter-logging-2.2.1.RELEASE.jar:/Users/konstantin/.m2/repository/ch/qos/logback/logback-classic/1.2.3/logback-classic-1.2.3.jar:/Users/konstantin/.m2/repository/ch/qos/logback/logback-core/1.2.3/logback-core-1.2.3.jar:/Users/konstantin/.m2/repository/org/apache/logging/log4j/log4j-to-slf4j/2.12.1/log4j-to-slf4j-2.12.1.jar:/Users/konstantin/.m2/repository/org/apache/logging/log4j/log4j-api/2.12.1/log4j-api-2.12.1.jar:/Users/konstantin/.m2/repository/org/slf4j/jul-to-slf4j/1.7.29/jul-to-slf4j-1.7.29.jar:/Users/konstantin/.m2/repository/jakarta/annotation/jakarta.annotation-api/1.3.5/jakarta.annotation-api-1.3.5.jar:/Users/konstantin/.m2/repository/org/springframework/spring-core/5.2.1.RELEASE/spring-core-5.2.1.RELEASE.jar:/Users/konstantin/.m2/repository/org/springframework/spring-jcl/5.2.1.RELEASE/spring-jcl-5.2.1.RELEASE.jar:/Users/konstantin/.m2/repository/org/yaml/snakeyaml/1.25/snakeyaml-1.25.jar:/Users/konstantin/.m2/repository/org/springframework/boot/spring-boot-starter-actuator/2.2.1.RELEASE/spring-boot-starter-actuator-2.2.1.RELEASE.jar:/Users/konstantin/.m2/repository/org/springframework/boot/spring-boot-actuator-autoconfigure/2.2.1.RELEASE/spring-boot-actuator-autoconfigure-2.2.1.RELEASE.jar:/Users/konstantin/.m2/repository/org/springframework/boot/spring-boot-actuator/2.2.1.RELEASE/spring-boot-actuator-2.2.1.RELEASE.jar:/Users/konstantin/.m2/repository/io/micrometer/micrometer-core/1.3.1/micrometer-core-1.3.1.jar:/Users/konstantin/.m2/repository/org/hdrhistogram/HdrHistogram/2.1.11/HdrHistogram-2.1.11.jar:/Users/konstantin/.m2/repository/org/latencyutils/LatencyUtils/2.0.3/LatencyUtils-2.0.3.jar:/Users/konstantin/.m2/repository/org/projectlombok/lombok/1.18.10/lombok-1.18.10.jar:/Users/konstantin/.m2/repository/org/mapstruct/mapstruct/1.3.1.Final/mapstruct-1.3.1.Final.jar:/Users/konstantin/.m2/repository/org/junit/jupiter/junit-jupiter-api/5.5.2/junit-jupiter-api-5.5.2.jar:/Users/konstantin/.m2/repository/org/apiguardian/apiguardian-api/1.1.0/apiguardian-api-1.1.0.jar:/Users/konstantin/.m2/repository/org/opentest4j/opentest4j/1.2.0/opentest4j-1.2.0.jar:/Users/konstantin/.m2/repository/org/junit/platform/junit-platform-commons/1.5.2/junit-platform-commons-1.5.2.jar:/Users/konstantin/.m2/repository/org/junit/jupiter/junit-jupiter-engine/5.5.2/junit-jupiter-engine-5.5.2.jar:/Users/konstantin/.m2/repository/org/junit/platform/junit-platform-engine/1.5.2/junit-platform-engine-1.5.2.jar:/Users/konstantin/.m2/repository/org/mockito/mockito-junit-jupiter/3.1.0/mockito-junit-jupiter-3.1.0.jar:/Users/konstantin/.m2/repository/org/mockito/mockito-core/3.1.0/mockito-core-3.1.0.jar:/Users/konstantin/.m2/repository/net/bytebuddy/byte-buddy-agent/1.10.2/byte-buddy-agent-1.10.2.jar:/Users/konstantin/.m2/repository/org/objenesis/objenesis/2.6/objenesis-2.6.jar:/Users/konstantin/.m2/repository/org/spockframework/spock-spring/1.3-groovy-2.5/spock-spring-1.3-groovy-2.5.jar:/Users/konstantin/.m2/repository/org/codehaus/groovy/groovy/2.5.8/groovy-2.5.8.jar:/Users/konstantin/.m2/repository/org/codehaus/groovy/groovy-json/2.5.8/groovy-json-2.5.8.jar:/Users/konstantin/.m2/repository/org/codehaus/groovy/groovy-nio/2.5.8/groovy-nio-2.5.8.jar:/Users/konstantin/.m2/repository/org/codehaus/groovy/groovy-macro/2.5.8/groovy-macro-2.5.8.jar:/Users/konstantin/.m2/repository/org/codehaus/groovy/groovy-templates/2.5.8/groovy-templates-2.5.8.jar:/Users/konstantin/.m2/repository/org/codehaus/groovy/groovy-test/2.5.8/groovy-test-2.5.8.jar:/Users/konstantin/.m2/repository/org/codehaus/groovy/groovy-sql/2.5.8/groovy-sql-2.5.8.jar:/Users/konstantin/.m2/repository/org/codehaus/groovy/groovy-xml/2.5.8/groovy-xml-2.5.8.jar:/Users/konstantin/.m2/repository/org/spockframework/spock-core/1.3-groovy-2.5/spock-core-1.3-groovy-2.5.jar:/Users/konstantin/.m2/repository/junit/junit/4.12/junit-4.12.jar:/Users/konstantin/.m2/repository/org/hamcrest/hamcrest-core/2.1/hamcrest-core-2.1.jar:/Users/konstantin/.m2/repository/org/springframework/statemachine/spring-statemachine-core/2.1.2.RELEASE/spring-statemachine-core-2.1.2.RELEASE.jar:/Users/konstantin/.m2/repository/org/springframework/spring-tx/5.2.1.RELEASE/spring-tx-5.2.1.RELEASE.jar:/Users/konstantin/.m2/repository/org/springframework/spring-messaging/5.2.1.RELEASE/spring-messaging-5.2.1.RELEASE.jar:/Users/konstantin/.m2/repository/com/atlassian/oai/swagger-request-validator-core/2.7.0/swagger-request-validator-core-2.7.0.jar:/Users/konstantin/.m2/repository/io/swagger/parser/v3/swagger-parser/2.0.14/swagger-parser-2.0.14.jar:/Users/konstantin/.m2/repository/io/swagger/parser/v3/swagger-parser-v2-converter/2.0.14/swagger-parser-v2-converter-2.0.14.jar:/Users/konstantin/.m2/repository/io/swagger/swagger-parser/1.0.46/swagger-parser-1.0.46.jar:/Users/konstantin/.m2/repository/io/swagger/swagger-core/1.5.23/swagger-core-1.5.23.jar:/Users/konstantin/.m2/repository/io/swagger/swagger-models/1.5.23/swagger-models-1.5.23.jar:/Users/konstantin/.m2/repository/io/swagger/swagger-annotations/1.5.23/swagger-annotations-1.5.23.jar:/Users/konstantin/.m2/repository/io/swagger/swagger-compat-spec-parser/1.0.46/swagger-compat-spec-parser-1.0.46.jar:/Users/konstantin/.m2/repository/com/github/fge/json-patch/1.6/json-patch-1.6.jar:/Users/konstantin/.m2/repository/com/github/fge/jackson-coreutils/1.6/jackson-coreutils-1.6.jar:/Users/konstantin/.m2/repository/io/swagger/core/v3/swagger-models/2.0.9/swagger-models-2.0.9.jar:/Users/konstantin/.m2/repository/io/swagger/parser/v3/swagger-parser-core/2.0.14/swagger-parser-core-2.0.14.jar:/Users/konstantin/.m2/repository/io/swagger/parser/v3/swagger-parser-v3/2.0.14/swagger-parser-v3-2.0.14.jar:/Users/konstantin/.m2/repository/io/swagger/core/v3/swagger-core/2.0.9/swagger-core-2.0.9.jar:/Users/konstantin/.m2/repository/io/swagger/core/v3/swagger-annotations/2.0.9/swagger-annotations-2.0.9.jar:/Users/konstantin/.m2/repository/javax/validation/validation-api/2.0.1.Final/validation-api-2.0.1.Final.jar:/Users/konstantin/.m2/repository/com/fasterxml/jackson/dataformat/jackson-dataformat-yaml/2.10.0/jackson-dataformat-yaml-2.10.0.jar:/Users/konstantin/.m2/repository/org/slf4j/slf4j-ext/1.7.29/slf4j-ext-1.7.29.jar:/Users/konstantin/.m2/repository/com/github/java-json-tools/json-schema-validator/2.2.11/json-schema-validator-2.2.11.jar:/Users/konstantin/.m2/repository/com/github/java-json-tools/json-schema-core/1.2.10/json-schema-core-1.2.10.jar:/Users/konstantin/.m2/repository/com/github/java-json-tools/jackson-coreutils/1.9/jackson-coreutils-1.9.jar:/Users/konstantin/.m2/repository/com/github/fge/msg-simple/1.1/msg-simple-1.1.jar:/Users/konstantin/.m2/repository/com/github/fge/btf/1.2/btf-1.2.jar:/Users/konstantin/.m2/repository/com/github/fge/uri-template/0.9/uri-template-0.9.jar:/Users/konstantin/.m2/repository/org/mozilla/rhino/1.7.7.1/rhino-1.7.7.1.jar:/Users/konstantin/.m2/repository/com/sun/mail/mailapi/1.6.1/mailapi-1.6.1.jar:/Users/konstantin/.m2/repository/javax/activation/activation/1.1/activation-1.1.jar:/Users/konstantin/.m2/repository/joda-time/joda-time/2.10.5/joda-time-2.10.5.jar:/Users/konstantin/.m2/repository/com/googlecode/libphonenumber/libphonenumber/8.0.0/libphonenumber-8.0.0.jar:/Users/konstantin/.m2/repository/org/slf4j/slf4j-api/1.7.29/slf4j-api-1.7.29.jar:/Users/konstantin/.m2/repository/com/google/guava/guava/28.1-jre/guava-28.1-jre.jar:/Users/konstantin/.m2/repository/com/google/guava/failureaccess/1.0.1/failureaccess-1.0.1.jar:/Users/konstantin/.m2/repository/com/google/guava/listenablefuture/9999.0-empty-to-avoid-conflict-with-guava/listenablefuture-9999.0-empty-to-avoid-conflict-with-guava.jar:/Users/konstantin/.m2/repository/org/checkerframework/checker-qual/2.8.1/checker-qual-2.8.1.jar:/Users/konstantin/.m2/repository/com/google/errorprone/error_prone_annotations/2.3.2/error_prone_annotations-2.3.2.jar:/Users/konstantin/.m2/repository/com/google/j2objc/j2objc-annotations/1.3/j2objc-annotations-1.3.jar:/Users/konstantin/.m2/repository/org/codehaus/mojo/animal-sniffer-annotations/1.18/animal-sniffer-annotations-1.18.jar:/Users/konstantin/.m2/repository/com/google/code/findbugs/jsr305/3.0.2/jsr305-3.0.2.jar:/Users/konstantin/.m2/repository/com/fasterxml/jackson/datatype/jackson-datatype-jdk8/2.10.0/jackson-datatype-jdk8-2.10.0.jar:/Users/konstantin/.m2/repository/com/atlassian/oai/swagger-request-validator-mockmvc/2.7.0/swagger-request-validator-mockmvc-2.7.0.jar:/Users/konstantin/.m2/repository/org/springframework/spring-test/5.2.1.RELEASE/spring-test-5.2.1.RELEASE.jar:/Users/konstantin/.m2/repository/com/atlassian/oai/swagger-request-validator-springmvc/2.7.0/swagger-request-validator-springmvc-2.7.0.jar:/Users/konstantin/.m2/repository/org/springframework/boot/spring-boot-starter-test/2.2.1.RELEASE/spring-boot-starter-test-2.2.1.RELEASE.jar:/Users/konstantin/.m2/repository/org/springframework/boot/spring-boot-test/2.2.1.RELEASE/spring-boot-test-2.2.1.RELEASE.jar:/Users/konstantin/.m2/repository/org/springframework/boot/spring-boot-test-autoconfigure/2.2.1.RELEASE/spring-boot-test-autoconfigure-2.2.1.RELEASE.jar:/Users/konstantin/.m2/repository/com/jayway/jsonpath/json-path/2.4.0/json-path-2.4.0.jar:/Users/konstantin/.m2/repository/net/minidev/json-smart/2.3/json-smart-2.3.jar:/Users/konstantin/.m2/repository/net/minidev/accessors-smart/1.2/accessors-smart-1.2.jar:/Users/konstantin/.m2/repository/org/ow2/asm/asm/5.0.4/asm-5.0.4.jar:/Users/konstantin/.m2/repository/jakarta/xml/bind/jakarta.xml.bind-api/2.3.2/jakarta.xml.bind-api-2.3.2.jar:/Users/konstantin/.m2/repository/org/junit/jupiter/junit-jupiter/5.5.2/junit-jupiter-5.5.2.jar:/Users/konstantin/.m2/repository/org/junit/jupiter/junit-jupiter-params/5.5.2/junit-jupiter-params-5.5.2.jar:/Users/konstantin/.m2/repository/org/junit/vintage/junit-vintage-engine/5.5.2/junit-vintage-engine-5.5.2.jar:/Users/konstantin/.m2/repository/org/assertj/assertj-core/3.13.2/assertj-core-3.13.2.jar:/Users/konstantin/.m2/repository/org/skyscreamer/jsonassert/1.5.0/jsonassert-1.5.0.jar:/Users/konstantin/.m2/repository/com/vaadin/external/google/android-json/0.0.20131108.vaadin1/android-json-0.0.20131108.vaadin1.jar:/Users/konstantin/.m2/repository/org/xmlunit/xmlunit-core/2.6.3/xmlunit-core-2.6.3.jar:"/>
    <property name="java.vm.vendor" value="AdoptOpenJDK"/>
    <property name="sun.arch.data.model" value="64"/>
    <property name="java.vendor.url" value="https://adoptopenjdk.net/"/>
    <property name="user.timezone" value=""/>
    <property name="java.vm.specification.version" value="11"/>
    <property name="os.name" value="Mac OS X"/>
    <property name="sun.java.launcher" value="SUN_STANDARD"/>
    <property name="user.country" value="US"/>
    <property name="sun.boot.library.path" value="/Library/Java/JavaVirtualMachines/adoptopenjdk-11.jdk/Contents/Home/lib"/>
    <property name="sun.java.command" value="/Users/konstantin/Other/UdemyCoursera/MicroservicesJavaSpringGuru/mssc-brewery-workspace/mssc-beer-order-service/target/surefire/surefirebooter17999840687727092479.jar /Users/konstantin/Other/UdemyCoursera/MicroservicesJavaSpringGuru/mssc-brewery-workspace/mssc-beer-order-service/target/surefire 2020-06-28T14-11-10_700-jvmRun1 surefire15984043013934102914tmp surefire_017833176073333456864tmp"/>
    <property name="jdk.debug" value="release"/>
    <property name="surefire.test.class.path" value="/Users/konstantin/Other/UdemyCoursera/MicroservicesJavaSpringGuru/mssc-brewery-workspace/mssc-beer-order-service/target/test-classes:/Users/konstantin/Other/UdemyCoursera/MicroservicesJavaSpringGuru/mssc-brewery-workspace/mssc-beer-order-service/target/classes:/Users/konstantin/.m2/repository/org/apache/activemq/artemis-jms-server/2.10.1/artemis-jms-server-2.10.1.jar:/Users/konstantin/.m2/repository/org/jboss/logging/jboss-logging/3.4.1.Final/jboss-logging-3.4.1.Final.jar:/Users/konstantin/.m2/repository/org/apache/activemq/artemis-core-client/2.10.1/artemis-core-client-2.10.1.jar:/Users/konstantin/.m2/repository/org/jgroups/jgroups/3.6.13.Final/jgroups-3.6.13.Final.jar:/Users/konstantin/.m2/repository/org/apache/johnzon/johnzon-core/1.2.1/johnzon-core-1.2.1.jar:/Users/konstantin/.m2/repository/io/netty/netty-transport-native-epoll/4.1.43.Final/netty-transport-native-epoll-4.1.43.Final-linux-x86_64.jar:/Users/konstantin/.m2/repository/io/netty/netty-transport-native-unix-common/4.1.43.Final/netty-transport-native-unix-common-4.1.43.Final.jar:/Users/konstantin/.m2/repository/io/netty/netty-transport-native-kqueue/4.1.43.Final/netty-transport-native-kqueue-4.1.43.Final-osx-x86_64.jar:/Users/konstantin/.m2/repository/io/netty/netty-codec-http/4.1.43.Final/netty-codec-http-4.1.43.Final.jar:/Users/konstantin/.m2/repository/io/netty/netty-buffer/4.1.43.Final/netty-buffer-4.1.43.Final.jar:/Users/konstantin/.m2/repository/io/netty/netty-transport/4.1.43.Final/netty-transport-4.1.43.Final.jar:/Users/konstantin/.m2/repository/io/netty/netty-resolver/4.1.43.Final/netty-resolver-4.1.43.Final.jar:/Users/konstantin/.m2/repository/io/netty/netty-handler/4.1.43.Final/netty-handler-4.1.43.Final.jar:/Users/konstantin/.m2/repository/io/netty/netty-codec/4.1.43.Final/netty-codec-4.1.43.Final.jar:/Users/konstantin/.m2/repository/io/netty/netty-common/4.1.43.Final/netty-common-4.1.43.Final.jar:/Users/konstantin/.m2/repository/org/apache/activemq/artemis-jms-client/2.10.1/artemis-jms-client-2.10.1.jar:/Users/konstantin/.m2/repository/org/apache/activemq/artemis-selector/2.10.1/artemis-selector-2.10.1.jar:/Users/konstantin/.m2/repository/org/apache/activemq/artemis-server/2.10.1/artemis-server-2.10.1.jar:/Users/konstantin/.m2/repository/org/jboss/logmanager/jboss-logmanager/2.1.10.Final/jboss-logmanager-2.1.10.Final.jar:/Users/konstantin/.m2/repository/org/wildfly/common/wildfly-common/1.5.1.Final/wildfly-common-1.5.1.Final.jar:/Users/konstantin/.m2/repository/org/apache/activemq/artemis-jdbc-store/2.10.1/artemis-jdbc-store-2.10.1.jar:/Users/konstantin/.m2/repository/org/apache/activemq/activemq-artemis-native/1.0.0/activemq-artemis-native-1.0.0.jar:/Users/konstantin/.m2/repository/org/jctools/jctools-core/2.1.2/jctools-core-2.1.2.jar:/Users/konstantin/.m2/repository/commons-beanutils/commons-beanutils/1.9.4/commons-beanutils-1.9.4.jar:/Users/konstantin/.m2/repository/commons-collections/commons-collections/3.2.2/commons-collections-3.2.2.jar:/Users/konstantin/.m2/repository/org/apache/commons/commons-configuration2/2.4/commons-configuration2-2.4.jar:/Users/konstantin/.m2/repository/org/apache/commons/commons-text/1.6/commons-text-1.6.jar:/Users/konstantin/.m2/repository/commons-io/commons-io/2.6/commons-io-2.6.jar:/Users/konstantin/.m2/repository/org/apache/activemq/artemis-journal/2.10.1/artemis-journal-2.10.1.jar:/Users/konstantin/.m2/repository/org/apache/activemq/artemis-commons/2.10.1/artemis-commons-2.10.1.jar:/Users/konstantin/.m2/repository/org/apache/activemq/artemis-service-extensions/2.10.1/artemis-service-extensions-2.10.1.jar:/Users/konstantin/.m2/repository/org/apache/geronimo/specs/geronimo-jms_2.0_spec/1.0-alpha-2/geronimo-jms_2.0_spec-1.0-alpha-2.jar:/Users/konstantin/.m2/repository/org/apache/geronimo/specs/geronimo-jta_1.1_spec/1.1.1/geronimo-jta_1.1_spec-1.1.1.jar:/Users/konstantin/.m2/repository/com/github/JensPiegsa/wiremock-extension/0.4.0/wiremock-extension-0.4.0.jar:/Users/konstantin/.m2/repository/com/github/tomakehurst/wiremock/2.19.0/wiremock-2.19.0.jar:/Users/konstantin/.m2/repository/org/eclipse/jetty/jetty-server/9.4.22.v20191022/jetty-server-9.4.22.v20191022.jar:/Users/konstantin/.m2/repository/javax/servlet/javax.servlet-api/4.0.1/javax.servlet-api-4.0.1.jar:/Users/konstantin/.m2/repository/org/eclipse/jetty/jetty-http/9.4.22.v20191022/jetty-http-9.4.22.v20191022.jar:/Users/konstantin/.m2/repository/org/eclipse/jetty/jetty-io/9.4.22.v20191022/jetty-io-9.4.22.v20191022.jar:/Users/konstantin/.m2/repository/org/eclipse/jetty/jetty-servlet/9.4.22.v20191022/jetty-servlet-9.4.22.v20191022.jar:/Users/konstantin/.m2/repository/org/eclipse/jetty/jetty-security/9.4.22.v20191022/jetty-security-9.4.22.v20191022.jar:/Users/konstantin/.m2/repository/org/eclipse/jetty/jetty-servlets/9.4.22.v20191022/jetty-servlets-9.4.22.v20191022.jar:/Users/konstantin/.m2/repository/org/eclipse/jetty/jetty-continuation/9.4.22.v20191022/jetty-continuation-9.4.22.v20191022.jar:/Users/konstantin/.m2/repository/org/eclipse/jetty/jetty-util/9.4.22.v20191022/jetty-util-9.4.22.v20191022.jar:/Users/konstantin/.m2/repository/org/eclipse/jetty/jetty-webapp/9.4.22.v20191022/jetty-webapp-9.4.22.v20191022.jar:/Users/konstantin/.m2/repository/org/eclipse/jetty/jetty-xml/9.4.22.v20191022/jetty-xml-9.4.22.v20191022.jar:/Users/konstantin/.m2/repository/com/fasterxml/jackson/core/jackson-core/2.10.0/jackson-core-2.10.0.jar:/Users/konstantin/.m2/repository/com/fasterxml/jackson/core/jackson-annotations/2.10.0/jackson-annotations-2.10.0.jar:/Users/konstantin/.m2/repository/com/fasterxml/jackson/core/jackson-databind/2.10.0/jackson-databind-2.10.0.jar:/Users/konstantin/.m2/repository/org/apache/httpcomponents/httpclient/4.5.10/httpclient-4.5.10.jar:/Users/konstantin/.m2/repository/org/apache/httpcomponents/httpcore/4.4.12/httpcore-4.4.12.jar:/Users/konstantin/.m2/repository/commons-codec/commons-codec/1.13/commons-codec-1.13.jar:/Users/konstantin/.m2/repository/org/xmlunit/xmlunit-legacy/2.6.3/xmlunit-legacy-2.6.3.jar:/Users/konstantin/.m2/repository/net/sf/jopt-simple/jopt-simple/5.0.3/jopt-simple-5.0.3.jar:/Users/konstantin/.m2/repository/org/apache/commons/commons-lang3/3.9/commons-lang3-3.9.jar:/Users/konstantin/.m2/repository/com/flipkart/zjsonpatch/zjsonpatch/0.4.4/zjsonpatch-0.4.4.jar:/Users/konstantin/.m2/repository/com/github/jknack/handlebars/4.0.7/handlebars-4.0.7.jar:/Users/konstantin/.m2/repository/com/github/jknack/handlebars-helpers/4.0.7/handlebars-helpers-4.0.7.jar:/Users/konstantin/.m2/repository/org/awaitility/awaitility/4.0.1/awaitility-4.0.1.jar:/Users/konstantin/.m2/repository/org/hamcrest/hamcrest/2.1/hamcrest-2.1.jar:/Users/konstantin/.m2/repository/org/springframework/boot/spring-boot-starter-web/2.2.1.RELEASE/spring-boot-starter-web-2.2.1.RELEASE.jar:/Users/konstantin/.m2/repository/org/springframework/boot/spring-boot-starter-json/2.2.1.RELEASE/spring-boot-starter-json-2.2.1.RELEASE.jar:/Users/konstantin/.m2/repository/com/fasterxml/jackson/datatype/jackson-datatype-jsr310/2.10.0/jackson-datatype-jsr310-2.10.0.jar:/Users/konstantin/.m2/repository/com/fasterxml/jackson/module/jackson-module-parameter-names/2.10.0/jackson-module-parameter-names-2.10.0.jar:/Users/konstantin/.m2/repository/org/springframework/boot/spring-boot-starter-tomcat/2.2.1.RELEASE/spring-boot-starter-tomcat-2.2.1.RELEASE.jar:/Users/konstantin/.m2/repository/org/apache/tomcat/embed/tomcat-embed-core/9.0.27/tomcat-embed-core-9.0.27.jar:/Users/konstantin/.m2/repository/org/apache/tomcat/embed/tomcat-embed-el/9.0.27/tomcat-embed-el-9.0.27.jar:/Users/konstantin/.m2/repository/org/apache/tomcat/embed/tomcat-embed-websocket/9.0.27/tomcat-embed-websocket-9.0.27.jar:/Users/konstantin/.m2/repository/org/springframework/boot/spring-boot-starter-validation/2.2.1.RELEASE/spring-boot-starter-validation-2.2.1.RELEASE.jar:/Users/konstantin/.m2/repository/jakarta/validation/jakarta.validation-api/2.0.1/jakarta.validation-api-2.0.1.jar:/Users/konstantin/.m2/repository/org/hibernate/validator/hibernate-validator/6.0.18.Final/hibernate-validator-6.0.18.Final.jar:/Users/konstantin/.m2/repository/org/springframework/spring-web/5.2.1.RELEASE/spring-web-5.2.1.RELEASE.jar:/Users/konstantin/.m2/repository/org/springframework/spring-beans/5.2.1.RELEASE/spring-beans-5.2.1.RELEASE.jar:/Users/konstantin/.m2/repository/org/springframework/spring-webmvc/5.2.1.RELEASE/spring-webmvc-5.2.1.RELEASE.jar:/Users/konstantin/.m2/repository/org/springframework/spring-aop/5.2.1.RELEASE/spring-aop-5.2.1.RELEASE.jar:/Users/konstantin/.m2/repository/org/springframework/spring-context/5.2.1.RELEASE/spring-context-5.2.1.RELEASE.jar:/Users/konstantin/.m2/repository/org/springframework/spring-expression/5.2.1.RELEASE/spring-expression-5.2.1.RELEASE.jar:/Users/konstantin/.m2/repository/org/springframework/boot/spring-boot-starter-data-jpa/2.2.1.RELEASE/spring-boot-starter-data-jpa-2.2.1.RELEASE.jar:/Users/konstantin/.m2/repository/org/springframework/boot/spring-boot-starter-aop/2.2.1.RELEASE/spring-boot-starter-aop-2.2.1.RELEASE.jar:/Users/konstantin/.m2/repository/org/aspectj/aspectjweaver/1.9.4/aspectjweaver-1.9.4.jar:/Users/konstantin/.m2/repository/org/springframework/boot/spring-boot-starter-jdbc/2.2.1.RELEASE/spring-boot-starter-jdbc-2.2.1.RELEASE.jar:/Users/konstantin/.m2/repository/com/zaxxer/HikariCP/3.4.1/HikariCP-3.4.1.jar:/Users/konstantin/.m2/repository/org/springframework/spring-jdbc/5.2.1.RELEASE/spring-jdbc-5.2.1.RELEASE.jar:/Users/konstantin/.m2/repository/jakarta/activation/jakarta.activation-api/1.2.1/jakarta.activation-api-1.2.1.jar:/Users/konstantin/.m2/repository/jakarta/persistence/jakarta.persistence-api/2.2.3/jakarta.persistence-api-2.2.3.jar:/Users/konstantin/.m2/repository/jakarta/transaction/jakarta.transaction-api/1.3.3/jakarta.transaction-api-1.3.3.jar:/Users/konstantin/.m2/repository/org/hibernate/hibernate-core/5.4.8.Final/hibernate-core-5.4.8.Final.jar:/Users/konstantin/.m2/repository/org/javassist/javassist/3.24.0-GA/javassist-3.24.0-GA.jar:/Users/konstantin/.m2/repository/net/bytebuddy/byte-buddy/1.10.2/byte-buddy-1.10.2.jar:/Users/konstantin/.m2/repository/antlr/antlr/2.7.7/antlr-2.7.7.jar:/Users/konstantin/.m2/repository/org/jboss/jandex/2.0.5.Final/jandex-2.0.5.Final.jar:/Users/konstantin/.m2/repository/com/fasterxml/classmate/1.5.1/classmate-1.5.1.jar:/Users/konstantin/.m2/repository/org/dom4j/dom4j/2.1.1/dom4j-2.1.1.jar:/Users/konstantin/.m2/repository/org/hibernate/common/hibernate-commons-annotations/5.1.0.Final/hibernate-commons-annotations-5.1.0.Final.jar:/Users/konstantin/.m2/repository/org/glassfish/jaxb/jaxb-runtime/2.3.2/jaxb-runtime-2.3.2.jar:/Users/konstantin/.m2/repository/org/glassfish/jaxb/txw2/2.3.2/txw2-2.3.2.jar:/Users/konstantin/.m2/repository/com/sun/istack/istack-commons-runtime/3.0.8/istack-commons-runtime-3.0.8.jar:/Users/konstantin/.m2/repository/org/jvnet/staxex/stax-ex/1.8.1/stax-ex-1.8.1.jar:/Users/konstantin/.m2/repository/com/sun/xml/fastinfoset/FastInfoset/1.2.16/FastInfoset-1.2.16.jar:/Users/konstantin/.m2/repository/org/springframework/data/spring-data-jpa/2.2.1.RELEASE/spring-data-jpa-2.2.1.RELEASE.jar:/Users/konstantin/.m2/repository/org/springframework/data/spring-data-commons/2.2.1.RELEASE/spring-data-commons-2.2.1.RELEASE.jar:/Users/konstantin/.m2/repository/org/springframework/spring-orm/5.2.1.RELEASE/spring-orm-5.2.1.RELEASE.jar:/Users/konstantin/.m2/repository/org/springframework/spring-aspects/5.2.1.RELEASE/spring-aspects-5.2.1.RELEASE.jar:/Users/konstantin/.m2/repository/org/springframework/boot/spring-boot-starter-artemis/2.2.1.RELEASE/spring-boot-starter-artemis-2.2.1.RELEASE.jar:/Users/konstantin/.m2/repository/org/springframework/spring-jms/5.2.1.RELEASE/spring-jms-5.2.1.RELEASE.jar:/Users/konstantin/.m2/repository/jakarta/jms/jakarta.jms-api/2.0.3/jakarta.jms-api-2.0.3.jar:/Users/konstantin/.m2/repository/jakarta/json/jakarta.json-api/1.1.6/jakarta.json-api-1.1.6.jar:/Users/konstantin/.m2/repository/com/h2database/h2/1.4.200/h2-1.4.200.jar:/Users/konstantin/.m2/repository/mysql/mysql-connector-java/8.0.18/mysql-connector-java-8.0.18.jar:/Users/konstantin/.m2/repository/javax/xml/bind/jaxb-api/2.3.0/jaxb-api-2.3.0.jar:/Users/konstantin/.m2/repository/com/sun/xml/bind/jaxb-core/2.3.0/jaxb-core-2.3.0.jar:/Users/konstantin/.m2/repository/com/sun/xml/bind/jaxb-impl/2.3.0/jaxb-impl-2.3.0.jar:/Users/konstantin/.m2/repository/org/springframework/boot/spring-boot-starter/2.2.1.RELEASE/spring-boot-starter-2.2.1.RELEASE.jar:/Users/konstantin/.m2/repository/org/springframework/boot/spring-boot/2.2.1.RELEASE/spring-boot-2.2.1.RELEASE.jar:/Users/konstantin/.m2/repository/org/springframework/boot/spring-boot-autoconfigure/2.2.1.RELEASE/spring-boot-autoconfigure-2.2.1.RELEASE.jar:/Users/konstantin/.m2/repository/org/springframework/boot/spring-boot-starter-logging/2.2.1.RELEASE/spring-boot-starter-logging-2.2.1.RELEASE.jar:/Users/konstantin/.m2/repository/ch/qos/logback/logback-classic/1.2.3/logback-classic-1.2.3.jar:/Users/konstantin/.m2/repository/ch/qos/logback/logback-core/1.2.3/logback-core-1.2.3.jar:/Users/konstantin/.m2/repository/org/apache/logging/log4j/log4j-to-slf4j/2.12.1/log4j-to-slf4j-2.12.1.jar:/Users/konstantin/.m2/repository/org/apache/logging/log4j/log4j-api/2.12.1/log4j-api-2.12.1.jar:/Users/konstantin/.m2/repository/org/slf4j/jul-to-slf4j/1.7.29/jul-to-slf4j-1.7.29.jar:/Users/konstantin/.m2/repository/jakarta/annotation/jakarta.annotation-api/1.3.5/jakarta.annotation-api-1.3.5.jar:/Users/konstantin/.m2/repository/org/springframework/spring-core/5.2.1.RELEASE/spring-core-5.2.1.RELEASE.jar:/Users/konstantin/.m2/repository/org/springframework/spring-jcl/5.2.1.RELEASE/spring-jcl-5.2.1.RELEASE.jar:/Users/konstantin/.m2/repository/org/yaml/snakeyaml/1.25/snakeyaml-1.25.jar:/Users/konstantin/.m2/repository/org/springframework/boot/spring-boot-starter-actuator/2.2.1.RELEASE/spring-boot-starter-actuator-2.2.1.RELEASE.jar:/Users/konstantin/.m2/repository/org/springframework/boot/spring-boot-actuator-autoconfigure/2.2.1.RELEASE/spring-boot-actuator-autoconfigure-2.2.1.RELEASE.jar:/Users/konstantin/.m2/repository/org/springframework/boot/spring-boot-actuator/2.2.1.RELEASE/spring-boot-actuator-2.2.1.RELEASE.jar:/Users/konstantin/.m2/repository/io/micrometer/micrometer-core/1.3.1/micrometer-core-1.3.1.jar:/Users/konstantin/.m2/repository/org/hdrhistogram/HdrHistogram/2.1.11/HdrHistogram-2.1.11.jar:/Users/konstantin/.m2/repository/org/latencyutils/LatencyUtils/2.0.3/LatencyUtils-2.0.3.jar:/Users/konstantin/.m2/repository/org/projectlombok/lombok/1.18.10/lombok-1.18.10.jar:/Users/konstantin/.m2/repository/org/mapstruct/mapstruct/1.3.1.Final/mapstruct-1.3.1.Final.jar:/Users/konstantin/.m2/repository/org/junit/jupiter/junit-jupiter-api/5.5.2/junit-jupiter-api-5.5.2.jar:/Users/konstantin/.m2/repository/org/apiguardian/apiguardian-api/1.1.0/apiguardian-api-1.1.0.jar:/Users/konstantin/.m2/repository/org/opentest4j/opentest4j/1.2.0/opentest4j-1.2.0.jar:/Users/konstantin/.m2/repository/org/junit/platform/junit-platform-commons/1.5.2/junit-platform-commons-1.5.2.jar:/Users/konstantin/.m2/repository/org/junit/jupiter/junit-jupiter-engine/5.5.2/junit-jupiter-engine-5.5.2.jar:/Users/konstantin/.m2/repository/org/junit/platform/junit-platform-engine/1.5.2/junit-platform-engine-1.5.2.jar:/Users/konstantin/.m2/repository/org/mockito/mockito-junit-jupiter/3.1.0/mockito-junit-jupiter-3.1.0.jar:/Users/konstantin/.m2/repository/org/mockito/mockito-core/3.1.0/mockito-core-3.1.0.jar:/Users/konstantin/.m2/repository/net/bytebuddy/byte-buddy-agent/1.10.2/byte-buddy-agent-1.10.2.jar:/Users/konstantin/.m2/repository/org/objenesis/objenesis/2.6/objenesis-2.6.jar:/Users/konstantin/.m2/repository/org/spockframework/spock-spring/1.3-groovy-2.5/spock-spring-1.3-groovy-2.5.jar:/Users/konstantin/.m2/repository/org/codehaus/groovy/groovy/2.5.8/groovy-2.5.8.jar:/Users/konstantin/.m2/repository/org/codehaus/groovy/groovy-json/2.5.8/groovy-json-2.5.8.jar:/Users/konstantin/.m2/repository/org/codehaus/groovy/groovy-nio/2.5.8/groovy-nio-2.5.8.jar:/Users/konstantin/.m2/repository/org/codehaus/groovy/groovy-macro/2.5.8/groovy-macro-2.5.8.jar:/Users/konstantin/.m2/repository/org/codehaus/groovy/groovy-templates/2.5.8/groovy-templates-2.5.8.jar:/Users/konstantin/.m2/repository/org/codehaus/groovy/groovy-test/2.5.8/groovy-test-2.5.8.jar:/Users/konstantin/.m2/repository/org/codehaus/groovy/groovy-sql/2.5.8/groovy-sql-2.5.8.jar:/Users/konstantin/.m2/repository/org/codehaus/groovy/groovy-xml/2.5.8/groovy-xml-2.5.8.jar:/Users/konstantin/.m2/repository/org/spockframework/spock-core/1.3-groovy-2.5/spock-core-1.3-groovy-2.5.jar:/Users/konstantin/.m2/repository/junit/junit/4.12/junit-4.12.jar:/Users/konstantin/.m2/repository/org/hamcrest/hamcrest-core/2.1/hamcrest-core-2.1.jar:/Users/konstantin/.m2/repository/org/springframework/statemachine/spring-statemachine-core/2.1.2.RELEASE/spring-statemachine-core-2.1.2.RELEASE.jar:/Users/konstantin/.m2/repository/org/springframework/spring-tx/5.2.1.RELEASE/spring-tx-5.2.1.RELEASE.jar:/Users/konstantin/.m2/repository/org/springframework/spring-messaging/5.2.1.RELEASE/spring-messaging-5.2.1.RELEASE.jar:/Users/konstantin/.m2/repository/com/atlassian/oai/swagger-request-validator-core/2.7.0/swagger-request-validator-core-2.7.0.jar:/Users/konstantin/.m2/repository/io/swagger/parser/v3/swagger-parser/2.0.14/swagger-parser-2.0.14.jar:/Users/konstantin/.m2/repository/io/swagger/parser/v3/swagger-parser-v2-converter/2.0.14/swagger-parser-v2-converter-2.0.14.jar:/Users/konstantin/.m2/repository/io/swagger/swagger-parser/1.0.46/swagger-parser-1.0.46.jar:/Users/konstantin/.m2/repository/io/swagger/swagger-core/1.5.23/swagger-core-1.5.23.jar:/Users/konstantin/.m2/repository/io/swagger/swagger-models/1.5.23/swagger-models-1.5.23.jar:/Users/konstantin/.m2/repository/io/swagger/swagger-annotations/1.5.23/swagger-annotations-1.5.23.jar:/Users/konstantin/.m2/repository/io/swagger/swagger-compat-spec-parser/1.0.46/swagger-compat-spec-parser-1.0.46.jar:/Users/konstantin/.m2/repository/com/github/fge/json-patch/1.6/json-patch-1.6.jar:/Users/konstantin/.m2/repository/com/github/fge/jackson-coreutils/1.6/jackson-coreutils-1.6.jar:/Users/konstantin/.m2/repository/io/swagger/core/v3/swagger-models/2.0.9/swagger-models-2.0.9.jar:/Users/konstantin/.m2/repository/io/swagger/parser/v3/swagger-parser-core/2.0.14/swagger-parser-core-2.0.14.jar:/Users/konstantin/.m2/repository/io/swagger/parser/v3/swagger-parser-v3/2.0.14/swagger-parser-v3-2.0.14.jar:/Users/konstantin/.m2/repository/io/swagger/core/v3/swagger-core/2.0.9/swagger-core-2.0.9.jar:/Users/konstantin/.m2/repository/io/swagger/core/v3/swagger-annotations/2.0.9/swagger-annotations-2.0.9.jar:/Users/konstantin/.m2/repository/javax/validation/validation-api/2.0.1.Final/validation-api-2.0.1.Final.jar:/Users/konstantin/.m2/repository/com/fasterxml/jackson/dataformat/jackson-dataformat-yaml/2.10.0/jackson-dataformat-yaml-2.10.0.jar:/Users/konstantin/.m2/repository/org/slf4j/slf4j-ext/1.7.29/slf4j-ext-1.7.29.jar:/Users/konstantin/.m2/repository/com/github/java-json-tools/json-schema-validator/2.2.11/json-schema-validator-2.2.11.jar:/Users/konstantin/.m2/repository/com/github/java-json-tools/json-schema-core/1.2.10/json-schema-core-1.2.10.jar:/Users/konstantin/.m2/repository/com/github/java-json-tools/jackson-coreutils/1.9/jackson-coreutils-1.9.jar:/Users/konstantin/.m2/repository/com/github/fge/msg-simple/1.1/msg-simple-1.1.jar:/Users/konstantin/.m2/repository/com/github/fge/btf/1.2/btf-1.2.jar:/Users/konstantin/.m2/repository/com/github/fge/uri-template/0.9/uri-template-0.9.jar:/Users/konstantin/.m2/repository/org/mozilla/rhino/1.7.7.1/rhino-1.7.7.1.jar:/Users/konstantin/.m2/repository/com/sun/mail/mailapi/1.6.1/mailapi-1.6.1.jar:/Users/konstantin/.m2/repository/javax/activation/activation/1.1/activation-1.1.jar:/Users/konstantin/.m2/repository/joda-time/joda-time/2.10.5/joda-time-2.10.5.jar:/Users/konstantin/.m2/repository/com/googlecode/libphonenumber/libphonenumber/8.0.0/libphonenumber-8.0.0.jar:/Users/konstantin/.m2/repository/org/slf4j/slf4j-api/1.7.29/slf4j-api-1.7.29.jar:/Users/konstantin/.m2/repository/com/google/guava/guava/28.1-jre/guava-28.1-jre.jar:/Users/konstantin/.m2/repository/com/google/guava/failureaccess/1.0.1/failureaccess-1.0.1.jar:/Users/konstantin/.m2/repository/com/google/guava/listenablefuture/9999.0-empty-to-avoid-conflict-with-guava/listenablefuture-9999.0-empty-to-avoid-conflict-with-guava.jar:/Users/konstantin/.m2/repository/org/checkerframework/checker-qual/2.8.1/checker-qual-2.8.1.jar:/Users/konstantin/.m2/repository/com/google/errorprone/error_prone_annotations/2.3.2/error_prone_annotations-2.3.2.jar:/Users/konstantin/.m2/repository/com/google/j2objc/j2objc-annotations/1.3/j2objc-annotations-1.3.jar:/Users/konstantin/.m2/repository/org/codehaus/mojo/animal-sniffer-annotations/1.18/animal-sniffer-annotations-1.18.jar:/Users/konstantin/.m2/repository/com/google/code/findbugs/jsr305/3.0.2/jsr305-3.0.2.jar:/Users/konstantin/.m2/repository/com/fasterxml/jackson/datatype/jackson-datatype-jdk8/2.10.0/jackson-datatype-jdk8-2.10.0.jar:/Users/konstantin/.m2/repository/com/atlassian/oai/swagger-request-validator-mockmvc/2.7.0/swagger-request-validator-mockmvc-2.7.0.jar:/Users/konstantin/.m2/repository/org/springframework/spring-test/5.2.1.RELEASE/spring-test-5.2.1.RELEASE.jar:/Users/konstantin/.m2/repository/com/atlassian/oai/swagger-request-validator-springmvc/2.7.0/swagger-request-validator-springmvc-2.7.0.jar:/Users/konstantin/.m2/repository/org/springframework/boot/spring-boot-starter-test/2.2.1.RELEASE/spring-boot-starter-test-2.2.1.RELEASE.jar:/Users/konstantin/.m2/repository/org/springframework/boot/spring-boot-test/2.2.1.RELEASE/spring-boot-test-2.2.1.RELEASE.jar:/Users/konstantin/.m2/repository/org/springframework/boot/spring-boot-test-autoconfigure/2.2.1.RELEASE/spring-boot-test-autoconfigure-2.2.1.RELEASE.jar:/Users/konstantin/.m2/repository/com/jayway/jsonpath/json-path/2.4.0/json-path-2.4.0.jar:/Users/konstantin/.m2/repository/net/minidev/json-smart/2.3/json-smart-2.3.jar:/Users/konstantin/.m2/repository/net/minidev/accessors-smart/1.2/accessors-smart-1.2.jar:/Users/konstantin/.m2/repository/org/ow2/asm/asm/5.0.4/asm-5.0.4.jar:/Users/konstantin/.m2/repository/jakarta/xml/bind/jakarta.xml.bind-api/2.3.2/jakarta.xml.bind-api-2.3.2.jar:/Users/konstantin/.m2/repository/org/junit/jupiter/junit-jupiter/5.5.2/junit-jupiter-5.5.2.jar:/Users/konstantin/.m2/repository/org/junit/jupiter/junit-jupiter-params/5.5.2/junit-jupiter-params-5.5.2.jar:/Users/konstantin/.m2/repository/org/junit/vintage/junit-vintage-engine/5.5.2/junit-vintage-engine-5.5.2.jar:/Users/konstantin/.m2/repository/org/assertj/assertj-core/3.13.2/assertj-core-3.13.2.jar:/Users/konstantin/.m2/repository/org/skyscreamer/jsonassert/1.5.0/jsonassert-1.5.0.jar:/Users/konstantin/.m2/repository/com/vaadin/external/google/android-json/0.0.20131108.vaadin1/android-json-0.0.20131108.vaadin1.jar:/Users/konstantin/.m2/repository/org/xmlunit/xmlunit-core/2.6.3/xmlunit-core-2.6.3.jar:"/>
    <property name="sun.cpu.endian" value="little"/>
    <property name="user.home" value="/Users/konstantin"/>
    <property name="user.language" value="en"/>
    <property name="java.specification.vendor" value="Oracle Corporation"/>
    <property name="java.version.date" value="2019-10-15"/>
    <property name="java.home" value="/Library/Java/JavaVirtualMachines/adoptopenjdk-11.jdk/Contents/Home"/>
    <property name="file.separator" value="/"/>
    <property name="basedir" value="/Users/konstantin/Other/UdemyCoursera/MicroservicesJavaSpringGuru/mssc-brewery-workspace/mssc-beer-order-service"/>
    <property name="java.vm.compressedOopsMode" value="Zero based"/>
    <property name="line.separator" value="&#10;"/>
    <property name="java.specification.name" value="Java Platform API Specification"/>
    <property name="java.vm.specification.vendor" value="Oracle Corporation"/>
    <property name="java.awt.graphicsenv" value="sun.awt.CGraphicsEnvironment"/>
    <property name="surefire.real.class.path" value="/Users/konstantin/Other/UdemyCoursera/MicroservicesJavaSpringGuru/mssc-brewery-workspace/mssc-beer-order-service/target/surefire/surefirebooter17999840687727092479.jar"/>
    <property name="sun.management.compiler" value="HotSpot 64-Bit Tiered Compilers"/>
    <property name="java.runtime.version" value="11.0.5+10"/>
    <property name="user.name" value="konstantin"/>
    <property name="path.separator" value=":"/>
    <property name="os.version" value="10.15.5"/>
    <property name="java.runtime.name" value="OpenJDK Runtime Environment"/>
    <property name="file.encoding" value="UTF-8"/>
    <property name="java.vm.name" value="OpenJDK 64-Bit Server VM"/>
    <property name="java.vendor.version" value="AdoptOpenJDK"/>
    <property name="localRepository" value="/Users/konstantin/.m2/repository"/>
    <property name="java.vendor.url.bug" value="https://github.com/AdoptOpenJDK/openjdk-build/issues"/>
    <property name="java.io.tmpdir" value="/var/folders/kb/c8v9fdjn2vb4fj6nmv279f6w0000gp/T/"/>
    <property name="java.version" value="11.0.5"/>
    <property name="user.dir" value="/Users/konstantin/Other/UdemyCoursera/MicroservicesJavaSpringGuru/mssc-brewery-workspace/mssc-beer-order-service"/>
    <property name="os.arch" value="x86_64"/>
    <property name="java.vm.specification.name" value="Java Virtual Machine Specification"/>
    <property name="java.awt.printerjob" value="sun.lwawt.macosx.CPrinterJob"/>
    <property name="sun.os.patch.level" value="unknown"/>
    <property name="idea.version2019.3.5" value="true"/>
    <property name="java.library.path" value="/Users/konstantin/Library/Java/Extensions:/Library/Java/Extensions:/Network/Library/Java/Extensions:/System/Library/Java/Extensions:/usr/lib/java:."/>
    <property name="java.vendor" value="AdoptOpenJDK"/>
    <property name="java.vm.info" value="mixed mode"/>
    <property name="java.vm.version" value="11.0.5+10"/>
    <property name="sun.io.unicode.encoding" value="UnicodeBig"/>
    <property name="java.class.version" value="55.0"/>
  </properties>
  <testcase name="contextLoads" classname="com.konstantinkochetov.beer.order.service.BeerOrderServiceApplicationTests" time="0.002">
    <error message="Failed to load ApplicationContext" type="java.lang.IllegalStateException">java.lang.IllegalStateException: Failed to load ApplicationContext
Caused by: org.springframework.beans.factory.UnsatisfiedDependencyException: Error creating bean with name 'beerOrderServiceImpl' defined in file [/Users/konstantin/Other/UdemyCoursera/MicroservicesJavaSpringGuru/mssc-brewery-workspace/mssc-beer-order-service/target/classes/com/konstantinkochetov/beer/order/service/services/BeerOrderServiceImpl.class]: Unsatisfied dependency expressed through constructor parameter 3; nested exception is org.springframework.beans.factory.NoSuchBeanDefinitionException: No qualifying bean of type 'com.konstantinkochetov.beer.order.service.services.BeerOrderManager' available: expected at least 1 bean which qualifies as autowire candidate. Dependency annotations: {}
Caused by: org.springframework.beans.factory.NoSuchBeanDefinitionException: No qualifying bean of type 'com.konstantinkochetov.beer.order.service.services.BeerOrderManager' available: expected at least 1 bean which qualifies as autowire candidate. Dependency annotations: {}
</error>
    <system-out><![CDATA[14:11:17.677 [main] DEBUG org.springframework.test.context.BootstrapUtils - Instantiating CacheAwareContextLoaderDelegate from class [org.springframework.test.context.cache.DefaultCacheAwareContextLoaderDelegate]
14:11:17.718 [main] DEBUG org.springframework.test.context.BootstrapUtils - Instantiating BootstrapContext using constructor [public org.springframework.test.context.support.DefaultBootstrapContext(java.lang.Class,org.springframework.test.context.CacheAwareContextLoaderDelegate)]
14:11:17.772 [main] DEBUG org.springframework.test.context.BootstrapUtils - Instantiating TestContextBootstrapper for test class [com.konstantinkochetov.beer.order.service.BeerOrderServiceApplicationTests] from class [org.springframework.boot.test.context.SpringBootTestContextBootstrapper]
14:11:17.804 [main] INFO org.springframework.boot.test.context.SpringBootTestContextBootstrapper - Neither @ContextConfiguration nor @ContextHierarchy found for test class [com.konstantinkochetov.beer.order.service.BeerOrderServiceApplicationTests], using SpringBootContextLoader
14:11:17.812 [main] DEBUG org.springframework.test.context.support.AbstractContextLoader - Did not detect default resource location for test class [com.konstantinkochetov.beer.order.service.BeerOrderServiceApplicationTests]: class path resource [com/konstantinkochetov/beer/order/service/BeerOrderServiceApplicationTests-context.xml] does not exist
14:11:17.813 [main] DEBUG org.springframework.test.context.support.AbstractContextLoader - Did not detect default resource location for test class [com.konstantinkochetov.beer.order.service.BeerOrderServiceApplicationTests]: class path resource [com/konstantinkochetov/beer/order/service/BeerOrderServiceApplicationTestsContext.groovy] does not exist
14:11:17.814 [main] INFO org.springframework.test.context.support.AbstractContextLoader - Could not detect default resource locations for test class [com.konstantinkochetov.beer.order.service.BeerOrderServiceApplicationTests]: no resource found for suffixes {-context.xml, Context.groovy}.
14:11:17.815 [main] INFO org.springframework.test.context.support.AnnotationConfigContextLoaderUtils - Could not detect default configuration classes for test class [com.konstantinkochetov.beer.order.service.BeerOrderServiceApplicationTests]: BeerOrderServiceApplicationTests does not declare any static, non-private, non-final, nested classes annotated with @Configuration.
14:11:17.916 [main] DEBUG org.springframework.test.context.support.ActiveProfilesUtils - Could not find an 'annotation declaring class' for annotation type [org.springframework.test.context.ActiveProfiles] and class [com.konstantinkochetov.beer.order.service.BeerOrderServiceApplicationTests]
14:11:18.070 [main] DEBUG org.springframework.context.annotation.ClassPathScanningCandidateComponentProvider - Identified candidate component class: file [/Users/konstantin/Other/UdemyCoursera/MicroservicesJavaSpringGuru/mssc-brewery-workspace/mssc-beer-order-service/target/classes/com/konstantinkochetov/beer/order/service/BeerOrderServiceApplication.class]
14:11:18.072 [main] INFO org.springframework.boot.test.context.SpringBootTestContextBootstrapper - Found @SpringBootConfiguration com.konstantinkochetov.beer.order.service.BeerOrderServiceApplication for test class com.konstantinkochetov.beer.order.service.BeerOrderServiceApplicationTests
14:11:18.407 [main] DEBUG org.springframework.boot.test.context.SpringBootTestContextBootstrapper - @TestExecutionListeners is not present for class [com.konstantinkochetov.beer.order.service.BeerOrderServiceApplicationTests]: using defaults.
14:11:18.411 [main] INFO org.springframework.boot.test.context.SpringBootTestContextBootstrapper - Loaded default TestExecutionListener class names from location [META-INF/spring.factories]: [org.spockframework.spring.SpringMockTestExecutionListener, org.springframework.test.context.web.ServletTestExecutionListener, org.springframework.test.context.support.DirtiesContextBeforeModesTestExecutionListener, org.springframework.test.context.support.DependencyInjectionTestExecutionListener, org.springframework.test.context.support.DirtiesContextTestExecutionListener, org.springframework.test.context.transaction.TransactionalTestExecutionListener, org.springframework.test.context.jdbc.SqlScriptsTestExecutionListener, org.springframework.test.context.event.EventPublishingTestExecutionListener, org.springframework.boot.test.mock.mockito.MockitoTestExecutionListener, org.springframework.boot.test.mock.mockito.ResetMocksTestExecutionListener, org.springframework.boot.test.autoconfigure.restdocs.RestDocsTestExecutionListener, org.springframework.boot.test.autoconfigure.web.client.MockRestServiceServerResetTestExecutionListener, org.springframework.boot.test.autoconfigure.web.servlet.MockMvcPrintOnlyOnFailureTestExecutionListener, org.springframework.boot.test.autoconfigure.web.servlet.WebDriverTestExecutionListener]
14:11:18.489 [main] INFO org.springframework.boot.test.context.SpringBootTestContextBootstrapper - Using TestExecutionListeners: [org.springframework.test.context.web.ServletTestExecutionListener@78b8f818, org.springframework.test.context.support.DirtiesContextBeforeModesTestExecutionListener@1e9d721, org.springframework.boot.test.mock.mockito.MockitoTestExecutionListener@2d3111a1, org.springframework.boot.test.autoconfigure.SpringBootDependencyInjectionTestExecutionListener@6f2864c3, org.springframework.test.context.support.DirtiesContextTestExecutionListener@50ef2906, org.springframework.test.context.transaction.TransactionalTestExecutionListener@1f70bce5, org.springframework.test.context.jdbc.SqlScriptsTestExecutionListener@3ae91ab3, org.springframework.test.context.event.EventPublishingTestExecutionListener@16cb6f51, org.springframework.boot.test.mock.mockito.ResetMocksTestExecutionListener@3fc5d397, org.springframework.boot.test.autoconfigure.restdocs.RestDocsTestExecutionListener@25c8c71e, org.springframework.boot.test.autoconfigure.web.client.MockRestServiceServerResetTestExecutionListener@57867d96, org.springframework.boot.test.autoconfigure.web.servlet.MockMvcPrintOnlyOnFailureTestExecutionListener@1a7a21d0, org.springframework.boot.test.autoconfigure.web.servlet.WebDriverTestExecutionListener@bb21063, org.spockframework.spring.SpringMockTestExecutionListener@6821c63c]
14:11:18.502 [main] DEBUG org.springframework.test.context.support.AbstractDirtiesContextTestExecutionListener - Before test class: context [DefaultTestContext@2b19b346 testClass = BeerOrderServiceApplicationTests, testInstance = [null], testMethod = [null], testException = [null], mergedContextConfiguration = [WebMergedContextConfiguration@37c5b8e8 testClass = BeerOrderServiceApplicationTests, locations = '{}', classes = '{class com.konstantinkochetov.beer.order.service.BeerOrderServiceApplication}', contextInitializerClasses = '[]', activeProfiles = '{}', propertySourceLocations = '{}', propertySourceProperties = '{org.springframework.boot.test.context.SpringBootTestContextBootstrapper=true}', contextCustomizers = set[org.spockframework.spring.mock.SpockContextCustomizer@0, org.springframework.boot.test.context.filter.ExcludeFilterContextCustomizer@2c18a3ea, org.springframework.boot.test.json.DuplicateJsonObjectContextCustomizerFactory$DuplicateJsonObjectContextCustomizer@1e98b788, org.springframework.boot.test.mock.mockito.MockitoContextCustomizer@0, org.springframework.boot.test.web.client.TestRestTemplateContextCustomizer@153cb763, org.springframework.boot.test.autoconfigure.properties.PropertyMappingContextCustomizer@0, org.springframework.boot.test.autoconfigure.web.servlet.WebDriverContextCustomizerFactory$Customizer@66d25ba9], resourceBasePath = 'src/main/webapp', contextLoader = 'org.springframework.boot.test.context.SpringBootContextLoader', parent = [null]], attributes = map['org.springframework.test.context.web.ServletTestExecutionListener.activateListener' -> true]], class annotated with @DirtiesContext [false] with mode [null].
14:11:18.749 [main] DEBUG org.springframework.test.context.support.TestPropertySourceUtils - Adding inlined properties to environment: {spring.jmx.enabled=false, org.springframework.boot.test.context.SpringBootTestContextBootstrapper=true, server.port=-1}

  .   ____          _            __ _ _
 /\\ / ___'_ __ _ _(_)_ __  __ _ \ \ \ \
( ( )\___ | '_ | '_| | '_ \/ _` | \ \ \ \
 \\/  ___)| |_)| | | | | || (_| |  ) ) ) )
  '  |____| .__|_| |_|_| |_\__, | / / / /
 =========|_|==============|___/=/_/_/_/
 :: Spring Boot ::        (v2.2.1.RELEASE)

2020-06-28 14:11:19.373  INFO 19234 --- [           main] k.b.o.s.BeerOrderServiceApplicationTests : Starting BeerOrderServiceApplicationTests on Macbookpro-kok.local with PID 19234 (started by konstantin in /Users/konstantin/Other/UdemyCoursera/MicroservicesJavaSpringGuru/mssc-brewery-workspace/mssc-beer-order-service)
2020-06-28 14:11:19.375 DEBUG 19234 --- [           main] k.b.o.s.BeerOrderServiceApplicationTests : Running with Spring Boot v2.2.1.RELEASE, Spring v5.2.1.RELEASE
2020-06-28 14:11:19.376  INFO 19234 --- [           main] k.b.o.s.BeerOrderServiceApplicationTests : No active profile set, falling back to default profiles: default
2020-06-28 14:11:22.056  INFO 19234 --- [           main] .s.d.r.c.RepositoryConfigurationDelegate : Bootstrapping Spring Data repositories in DEFAULT mode.
2020-06-28 14:11:22.188  INFO 19234 --- [           main] .s.d.r.c.RepositoryConfigurationDelegate : Finished Spring Data repository scanning in 110ms. Found 3 repository interfaces.
2020-06-28 14:11:23.092  INFO 19234 --- [           main] trationDelegate$BeanPostProcessorChecker : Bean 'org.springframework.transaction.annotation.ProxyTransactionManagementConfiguration' of type [org.springframework.transaction.annotation.ProxyTransactionManagementConfiguration] is not eligible for getting processed by all BeanPostProcessors (for example: not eligible for auto-proxying)
2020-06-28 14:11:23.149  INFO 19234 --- [           main] trationDelegate$BeanPostProcessorChecker : Bean 'org.springframework.statemachine.config.configuration.StateMachineAnnotationPostProcessorConfiguration' of type [org.springframework.statemachine.config.configuration.StateMachineAnnotationPostProcessorConfiguration$$EnhancerBySpringCGLIB$$73920d2e] is not eligible for getting processed by all BeanPostProcessors (for example: not eligible for auto-proxying)
2020-06-28 14:11:23.444  INFO 19234 --- [           main] com.zaxxer.hikari.HikariDataSource       : HikariPool-1 - Starting...
2020-06-28 14:11:23.942  INFO 19234 --- [           main] com.zaxxer.hikari.HikariDataSource       : HikariPool-1 - Start completed.
2020-06-28 14:11:24.077  INFO 19234 --- [           main] o.hibernate.jpa.internal.util.LogHelper  : HHH000204: Processing PersistenceUnitInfo [name: default]
2020-06-28 14:11:24.240  INFO 19234 --- [           main] org.hibernate.Version                    : HHH000412: Hibernate Core {5.4.8.Final}
2020-06-28 14:11:24.507  INFO 19234 --- [           main] o.hibernate.annotations.common.Version   : HCANN000001: Hibernate Commons Annotations {5.1.0.Final}
2020-06-28 14:11:24.793  INFO 19234 --- [           main] org.hibernate.dialect.Dialect            : HHH000400: Using dialect: org.hibernate.dialect.H2Dialect
2020-06-28 14:11:26.348  INFO 19234 --- [           main] o.h.e.t.j.p.i.JtaPlatformInitiator       : HHH000490: Using JtaPlatform implementation: [org.hibernate.engine.transaction.jta.platform.internal.NoJtaPlatform]
2020-06-28 14:11:26.358  INFO 19234 --- [           main] j.LocalContainerEntityManagerFactoryBean : Initialized JPA EntityManagerFactory for persistence unit 'default'
2020-06-28 14:11:27.492 ERROR 19234 --- [           main] jdk.event.security                       : The LogManager accessed before the "java.util.logging.manager" system property was set to "org.jboss.logmanager.LogManager". Results may be unexpected.
2020-06-28 14:11:27.725  WARN 19234 --- [           main] o.s.w.c.s.GenericWebApplicationContext   : Exception encountered during context initialization - cancelling refresh attempt: org.springframework.beans.factory.UnsatisfiedDependencyException: Error creating bean with name 'beerOrderServiceImpl' defined in file [/Users/konstantin/Other/UdemyCoursera/MicroservicesJavaSpringGuru/mssc-brewery-workspace/mssc-beer-order-service/target/classes/com/konstantinkochetov/beer/order/service/services/BeerOrderServiceImpl.class]: Unsatisfied dependency expressed through constructor parameter 3; nested exception is org.springframework.beans.factory.NoSuchBeanDefinitionException: No qualifying bean of type 'com.konstantinkochetov.beer.order.service.services.BeerOrderManager' available: expected at least 1 bean which qualifies as autowire candidate. Dependency annotations: {}
2020-06-28 14:11:27.727  INFO 19234 --- [           main] j.LocalContainerEntityManagerFactoryBean : Closing JPA EntityManagerFactory for persistence unit 'default'
2020-06-28 14:11:27.728  INFO 19234 --- [           main] .SchemaDropperImpl$DelayedDropActionImpl : HHH000477: Starting delayed evictData of schema as part of SessionFactory shut-down'
2020-06-28 14:11:27.730 ERROR 19234 --- [           main] .SchemaDropperImpl$DelayedDropActionImpl : HHH000478: Unsuccessful: drop table beer_order if exists
2020-06-28 14:11:27.741 ERROR 19234 --- [           main] .SchemaDropperImpl$DelayedDropActionImpl : HHH000478: Unsuccessful: drop table customer if exists
2020-06-28 14:11:27.744  INFO 19234 --- [           main] com.zaxxer.hikari.HikariDataSource       : HikariPool-1 - Shutdown initiated...
2020-06-28 14:11:27.749  INFO 19234 --- [           main] com.zaxxer.hikari.HikariDataSource       : HikariPool-1 - Shutdown completed.
2020-06-28 14:11:27.770  INFO 19234 --- [           main] ConditionEvaluationReportLoggingListener : 

Error starting ApplicationContext. To display the conditions report re-run your application with 'debug' enabled.
2020-06-28 14:11:28.044 ERROR 19234 --- [           main] o.s.b.d.LoggingFailureAnalysisReporter   : 

***************************
APPLICATION FAILED TO START
***************************

Description:

Parameter 3 of constructor in com.konstantinkochetov.beer.order.service.services.BeerOrderServiceImpl required a bean of type 'com.konstantinkochetov.beer.order.service.services.BeerOrderManager' that could not be found.


Action:

Consider defining a bean of type 'com.konstantinkochetov.beer.order.service.services.BeerOrderManager' in your configuration.

2020-06-28 14:11:28.059 ERROR 19234 --- [           main] o.s.test.context.TestContextManager      : Caught exception while allowing TestExecutionListener [org.springframework.test.context.web.ServletTestExecutionListener@78b8f818] to prepare test instance [com.konstantinkochetov.beer.order.service.BeerOrderServiceApplicationTests@26414ce0]

java.lang.IllegalStateException: Failed to load ApplicationContext
	at org.springframework.test.context.cache.DefaultCacheAwareContextLoaderDelegate.loadContext(DefaultCacheAwareContextLoaderDelegate.java:132) ~[spring-test-5.2.1.RELEASE.jar:5.2.1.RELEASE]
	at org.springframework.test.context.support.DefaultTestContext.getApplicationContext(DefaultTestContext.java:123) ~[spring-test-5.2.1.RELEASE.jar:5.2.1.RELEASE]
	at org.springframework.test.context.web.ServletTestExecutionListener.setUpRequestContextIfNecessary(ServletTestExecutionListener.java:190) ~[spring-test-5.2.1.RELEASE.jar:5.2.1.RELEASE]
	at org.springframework.test.context.web.ServletTestExecutionListener.prepareTestInstance(ServletTestExecutionListener.java:132) ~[spring-test-5.2.1.RELEASE.jar:5.2.1.RELEASE]
	at org.springframework.test.context.TestContextManager.prepareTestInstance(TestContextManager.java:244) ~[spring-test-5.2.1.RELEASE.jar:5.2.1.RELEASE]
	at org.springframework.test.context.junit.jupiter.SpringExtension.postProcessTestInstance(SpringExtension.java:98) ~[spring-test-5.2.1.RELEASE.jar:5.2.1.RELEASE]
	at org.junit.jupiter.engine.descriptor.ClassBasedTestDescriptor.lambda$invokeTestInstancePostProcessors$5(ClassBasedTestDescriptor.java:337) ~[junit-jupiter-engine-5.5.2.jar:5.5.2]
	at org.junit.jupiter.engine.descriptor.ClassBasedTestDescriptor.executeAndMaskThrowable(ClassBasedTestDescriptor.java:342) ~[junit-jupiter-engine-5.5.2.jar:5.5.2]
	at org.junit.jupiter.engine.descriptor.ClassBasedTestDescriptor.lambda$invokeTestInstancePostProcessors$6(ClassBasedTestDescriptor.java:337) ~[junit-jupiter-engine-5.5.2.jar:5.5.2]
	at java.base/java.util.stream.ReferencePipeline$3$1.accept(ReferencePipeline.java:195) ~[na:na]
	at java.base/java.util.stream.ReferencePipeline$2$1.accept(ReferencePipeline.java:177) ~[na:na]
	at java.base/java.util.ArrayList$ArrayListSpliterator.forEachRemaining(ArrayList.java:1654) ~[na:na]
	at java.base/java.util.stream.AbstractPipeline.copyInto(AbstractPipeline.java:484) ~[na:na]
	at java.base/java.util.stream.AbstractPipeline.wrapAndCopyInto(AbstractPipeline.java:474) ~[na:na]
	at java.base/java.util.stream.StreamSpliterators$WrappingSpliterator.forEachRemaining(StreamSpliterators.java:312) ~[na:na]
	at java.base/java.util.stream.Streams$ConcatSpliterator.forEachRemaining(Streams.java:735) ~[na:na]
	at java.base/java.util.stream.Streams$ConcatSpliterator.forEachRemaining(Streams.java:734) ~[na:na]
	at java.base/java.util.stream.ReferencePipeline$Head.forEach(ReferencePipeline.java:658) ~[na:na]
	at org.junit.jupiter.engine.descriptor.ClassBasedTestDescriptor.invokeTestInstancePostProcessors(ClassBasedTestDescriptor.java:336) ~[junit-jupiter-engine-5.5.2.jar:5.5.2]
	at org.junit.jupiter.engine.descriptor.ClassBasedTestDescriptor.instantiateAndPostProcessTestInstance(ClassBasedTestDescriptor.java:259) ~[junit-jupiter-engine-5.5.2.jar:5.5.2]
	at org.junit.jupiter.engine.descriptor.ClassBasedTestDescriptor.lambda$testInstancesProvider$2(ClassBasedTestDescriptor.java:252) ~[junit-jupiter-engine-5.5.2.jar:5.5.2]
	at java.base/java.util.Optional.orElseGet(Optional.java:369) ~[na:na]
	at org.junit.jupiter.engine.descriptor.ClassBasedTestDescriptor.lambda$testInstancesProvider$3(ClassBasedTestDescriptor.java:251) ~[junit-jupiter-engine-5.5.2.jar:5.5.2]
	at org.junit.jupiter.engine.execution.TestInstancesProvider.getTestInstances(TestInstancesProvider.java:29) ~[junit-jupiter-engine-5.5.2.jar:5.5.2]
	at org.junit.jupiter.engine.descriptor.TestMethodTestDescriptor.lambda$prepare$0(TestMethodTestDescriptor.java:106) ~[junit-jupiter-engine-5.5.2.jar:5.5.2]
	at org.junit.platform.engine.support.hierarchical.ThrowableCollector.execute(ThrowableCollector.java:73) ~[junit-platform-engine-1.5.2.jar:1.5.2]
	at org.junit.jupiter.engine.descriptor.TestMethodTestDescriptor.prepare(TestMethodTestDescriptor.java:105) ~[junit-jupiter-engine-5.5.2.jar:5.5.2]
	at org.junit.jupiter.engine.descriptor.TestMethodTestDescriptor.prepare(TestMethodTestDescriptor.java:69) ~[junit-jupiter-engine-5.5.2.jar:5.5.2]
	at org.junit.platform.engine.support.hierarchical.NodeTestTask.lambda$prepare$1(NodeTestTask.java:107) ~[junit-platform-engine-1.5.2.jar:1.5.2]
	at org.junit.platform.engine.support.hierarchical.ThrowableCollector.execute(ThrowableCollector.java:73) ~[junit-platform-engine-1.5.2.jar:1.5.2]
	at org.junit.platform.engine.support.hierarchical.NodeTestTask.prepare(NodeTestTask.java:107) ~[junit-platform-engine-1.5.2.jar:1.5.2]
	at org.junit.platform.engine.support.hierarchical.NodeTestTask.execute(NodeTestTask.java:75) ~[junit-platform-engine-1.5.2.jar:1.5.2]
	at java.base/java.util.ArrayList.forEach(ArrayList.java:1540) ~[na:na]
	at org.junit.platform.engine.support.hierarchical.SameThreadHierarchicalTestExecutorService.invokeAll(SameThreadHierarchicalTestExecutorService.java:38) ~[junit-platform-engine-1.5.2.jar:1.5.2]
	at org.junit.platform.engine.support.hierarchical.NodeTestTask.lambda$executeRecursively$5(NodeTestTask.java:139) ~[junit-platform-engine-1.5.2.jar:1.5.2]
	at org.junit.platform.engine.support.hierarchical.ThrowableCollector.execute(ThrowableCollector.java:73) ~[junit-platform-engine-1.5.2.jar:1.5.2]
	at org.junit.platform.engine.support.hierarchical.NodeTestTask.lambda$executeRecursively$7(NodeTestTask.java:125) ~[junit-platform-engine-1.5.2.jar:1.5.2]
	at org.junit.platform.engine.support.hierarchical.Node.around(Node.java:135) ~[junit-platform-engine-1.5.2.jar:1.5.2]
	at org.junit.platform.engine.support.hierarchical.NodeTestTask.lambda$executeRecursively$8(NodeTestTask.java:123) ~[junit-platform-engine-1.5.2.jar:1.5.2]
	at org.junit.platform.engine.support.hierarchical.ThrowableCollector.execute(ThrowableCollector.java:73) ~[junit-platform-engine-1.5.2.jar:1.5.2]
	at org.junit.platform.engine.support.hierarchical.NodeTestTask.executeRecursively(NodeTestTask.java:122) ~[junit-platform-engine-1.5.2.jar:1.5.2]
	at org.junit.platform.engine.support.hierarchical.NodeTestTask.execute(NodeTestTask.java:80) ~[junit-platform-engine-1.5.2.jar:1.5.2]
	at java.base/java.util.ArrayList.forEach(ArrayList.java:1540) ~[na:na]
	at org.junit.platform.engine.support.hierarchical.SameThreadHierarchicalTestExecutorService.invokeAll(SameThreadHierarchicalTestExecutorService.java:38) ~[junit-platform-engine-1.5.2.jar:1.5.2]
	at org.junit.platform.engine.support.hierarchical.NodeTestTask.lambda$executeRecursively$5(NodeTestTask.java:139) ~[junit-platform-engine-1.5.2.jar:1.5.2]
	at org.junit.platform.engine.support.hierarchical.ThrowableCollector.execute(ThrowableCollector.java:73) ~[junit-platform-engine-1.5.2.jar:1.5.2]
	at org.junit.platform.engine.support.hierarchical.NodeTestTask.lambda$executeRecursively$7(NodeTestTask.java:125) ~[junit-platform-engine-1.5.2.jar:1.5.2]
	at org.junit.platform.engine.support.hierarchical.Node.around(Node.java:135) ~[junit-platform-engine-1.5.2.jar:1.5.2]
	at org.junit.platform.engine.support.hierarchical.NodeTestTask.lambda$executeRecursively$8(NodeTestTask.java:123) ~[junit-platform-engine-1.5.2.jar:1.5.2]
	at org.junit.platform.engine.support.hierarchical.ThrowableCollector.execute(ThrowableCollector.java:73) ~[junit-platform-engine-1.5.2.jar:1.5.2]
	at org.junit.platform.engine.support.hierarchical.NodeTestTask.executeRecursively(NodeTestTask.java:122) ~[junit-platform-engine-1.5.2.jar:1.5.2]
	at org.junit.platform.engine.support.hierarchical.NodeTestTask.execute(NodeTestTask.java:80) ~[junit-platform-engine-1.5.2.jar:1.5.2]
	at org.junit.platform.engine.support.hierarchical.SameThreadHierarchicalTestExecutorService.submit(SameThreadHierarchicalTestExecutorService.java:32) ~[junit-platform-engine-1.5.2.jar:1.5.2]
	at org.junit.platform.engine.support.hierarchical.HierarchicalTestExecutor.execute(HierarchicalTestExecutor.java:57) ~[junit-platform-engine-1.5.2.jar:1.5.2]
	at org.junit.platform.engine.support.hierarchical.HierarchicalTestEngine.execute(HierarchicalTestEngine.java:51) ~[junit-platform-engine-1.5.2.jar:1.5.2]
	at org.junit.platform.launcher.core.DefaultLauncher.execute(DefaultLauncher.java:220) ~[junit-platform-launcher-1.3.1.jar:1.3.1]
	at org.junit.platform.launcher.core.DefaultLauncher.lambda$execute$6(DefaultLauncher.java:188) ~[junit-platform-launcher-1.3.1.jar:1.3.1]
	at org.junit.platform.launcher.core.DefaultLauncher.withInterceptedStreams(DefaultLauncher.java:202) ~[junit-platform-launcher-1.3.1.jar:1.3.1]
	at org.junit.platform.launcher.core.DefaultLauncher.execute(DefaultLauncher.java:181) ~[junit-platform-launcher-1.3.1.jar:1.3.1]
	at org.junit.platform.launcher.core.DefaultLauncher.execute(DefaultLauncher.java:128) ~[junit-platform-launcher-1.3.1.jar:1.3.1]
	at org.apache.maven.surefire.junitplatform.JUnitPlatformProvider.invokeAllTests(JUnitPlatformProvider.java:150) ~[surefire-junit-platform-2.22.2.jar:2.22.2]
	at org.apache.maven.surefire.junitplatform.JUnitPlatformProvider.invoke(JUnitPlatformProvider.java:124) ~[surefire-junit-platform-2.22.2.jar:2.22.2]
	at org.apache.maven.surefire.booter.ForkedBooter.invokeProviderInSameClassLoader(ForkedBooter.java:384) ~[surefire-booter-2.22.2.jar:2.22.2]
	at org.apache.maven.surefire.booter.ForkedBooter.runSuitesInProcess(ForkedBooter.java:345) ~[surefire-booter-2.22.2.jar:2.22.2]
	at org.apache.maven.surefire.booter.ForkedBooter.execute(ForkedBooter.java:126) ~[surefire-booter-2.22.2.jar:2.22.2]
	at org.apache.maven.surefire.booter.ForkedBooter.main(ForkedBooter.java:418) ~[surefire-booter-2.22.2.jar:2.22.2]
Caused by: org.springframework.beans.factory.UnsatisfiedDependencyException: Error creating bean with name 'beerOrderServiceImpl' defined in file [/Users/konstantin/Other/UdemyCoursera/MicroservicesJavaSpringGuru/mssc-brewery-workspace/mssc-beer-order-service/target/classes/com/konstantinkochetov/beer/order/service/services/BeerOrderServiceImpl.class]: Unsatisfied dependency expressed through constructor parameter 3; nested exception is org.springframework.beans.factory.NoSuchBeanDefinitionException: No qualifying bean of type 'com.konstantinkochetov.beer.order.service.services.BeerOrderManager' available: expected at least 1 bean which qualifies as autowire candidate. Dependency annotations: {}
	at org.springframework.beans.factory.support.ConstructorResolver.createArgumentArray(ConstructorResolver.java:787) ~[spring-beans-5.2.1.RELEASE.jar:5.2.1.RELEASE]
	at org.springframework.beans.factory.support.ConstructorResolver.autowireConstructor(ConstructorResolver.java:226) ~[spring-beans-5.2.1.RELEASE.jar:5.2.1.RELEASE]
	at org.springframework.beans.factory.support.AbstractAutowireCapableBeanFactory.autowireConstructor(AbstractAutowireCapableBeanFactory.java:1358) ~[spring-beans-5.2.1.RELEASE.jar:5.2.1.RELEASE]
	at org.springframework.beans.factory.support.AbstractAutowireCapableBeanFactory.createBeanInstance(AbstractAutowireCapableBeanFactory.java:1204) ~[spring-beans-5.2.1.RELEASE.jar:5.2.1.RELEASE]
	at org.springframework.beans.factory.support.AbstractAutowireCapableBeanFactory.doCreateBean(AbstractAutowireCapableBeanFactory.java:557) ~[spring-beans-5.2.1.RELEASE.jar:5.2.1.RELEASE]
	at org.springframework.beans.factory.support.AbstractAutowireCapableBeanFactory.createBean(AbstractAutowireCapableBeanFactory.java:517) ~[spring-beans-5.2.1.RELEASE.jar:5.2.1.RELEASE]
	at org.springframework.beans.factory.support.AbstractBeanFactory.lambda$doGetBean$0(AbstractBeanFactory.java:323) ~[spring-beans-5.2.1.RELEASE.jar:5.2.1.RELEASE]
	at org.springframework.beans.factory.support.DefaultSingletonBeanRegistry.getSingleton(DefaultSingletonBeanRegistry.java:222) ~[spring-beans-5.2.1.RELEASE.jar:5.2.1.RELEASE]
	at org.springframework.beans.factory.support.AbstractBeanFactory.doGetBean(AbstractBeanFactory.java:321) ~[spring-beans-5.2.1.RELEASE.jar:5.2.1.RELEASE]
	at org.springframework.beans.factory.support.AbstractBeanFactory.getBean(AbstractBeanFactory.java:202) ~[spring-beans-5.2.1.RELEASE.jar:5.2.1.RELEASE]
	at org.springframework.beans.factory.support.DefaultListableBeanFactory.preInstantiateSingletons(DefaultListableBeanFactory.java:879) ~[spring-beans-5.2.1.RELEASE.jar:5.2.1.RELEASE]
	at org.springframework.context.support.AbstractApplicationContext.finishBeanFactoryInitialization(AbstractApplicationContext.java:878) ~[spring-context-5.2.1.RELEASE.jar:5.2.1.RELEASE]
	at org.springframework.context.support.AbstractApplicationContext.refresh(AbstractApplicationContext.java:550) ~[spring-context-5.2.1.RELEASE.jar:5.2.1.RELEASE]
	at org.springframework.boot.SpringApplication.refresh(SpringApplication.java:747) ~[spring-boot-2.2.1.RELEASE.jar:2.2.1.RELEASE]
	at org.springframework.boot.SpringApplication.refreshContext(SpringApplication.java:397) ~[spring-boot-2.2.1.RELEASE.jar:2.2.1.RELEASE]
	at org.springframework.boot.SpringApplication.run(SpringApplication.java:315) ~[spring-boot-2.2.1.RELEASE.jar:2.2.1.RELEASE]
	at org.springframework.boot.test.context.SpringBootContextLoader.loadContext(SpringBootContextLoader.java:125) ~[spring-boot-test-2.2.1.RELEASE.jar:2.2.1.RELEASE]
	at org.springframework.test.context.cache.DefaultCacheAwareContextLoaderDelegate.loadContextInternal(DefaultCacheAwareContextLoaderDelegate.java:99) ~[spring-test-5.2.1.RELEASE.jar:5.2.1.RELEASE]
	at org.springframework.test.context.cache.DefaultCacheAwareContextLoaderDelegate.loadContext(DefaultCacheAwareContextLoaderDelegate.java:124) ~[spring-test-5.2.1.RELEASE.jar:5.2.1.RELEASE]
	... 65 common frames omitted
Caused by: org.springframework.beans.factory.NoSuchBeanDefinitionException: No qualifying bean of type 'com.konstantinkochetov.beer.order.service.services.BeerOrderManager' available: expected at least 1 bean which qualifies as autowire candidate. Dependency annotations: {}
	at org.springframework.beans.factory.support.DefaultListableBeanFactory.raiseNoMatchingBeanFound(DefaultListableBeanFactory.java:1695) ~[spring-beans-5.2.1.RELEASE.jar:5.2.1.RELEASE]
	at org.springframework.beans.factory.support.DefaultListableBeanFactory.doResolveDependency(DefaultListableBeanFactory.java:1253) ~[spring-beans-5.2.1.RELEASE.jar:5.2.1.RELEASE]
	at org.springframework.beans.factory.support.DefaultListableBeanFactory.resolveDependency(DefaultListableBeanFactory.java:1207) ~[spring-beans-5.2.1.RELEASE.jar:5.2.1.RELEASE]
	at org.springframework.beans.factory.support.ConstructorResolver.resolveAutowiredArgument(ConstructorResolver.java:874) ~[spring-beans-5.2.1.RELEASE.jar:5.2.1.RELEASE]
	at org.springframework.beans.factory.support.ConstructorResolver.createArgumentArray(ConstructorResolver.java:778) ~[spring-beans-5.2.1.RELEASE.jar:5.2.1.RELEASE]
	... 83 common frames omitted

]]></system-out>
  </testcase>
</testsuite>